# JRE version: OpenJDK Runtime Environment (8.0_152-b01) (build 1.8.0_152-release-1248-b01)
# Java VM: OpenJDK 64-Bit Server VM (25.152-b01 mixed mode windows-amd64 compressed oops)
Heap:
 PSYoungGen      total 49152K, used 15995K [0x00000000e0000000, 0x00000000e3b80000, 0x0000000100000000)
  eden space 45056K, 26% used [0x00000000e0000000,0x00000000e0bc3000,0x00000000e2c00000)
  from space 4096K, 96% used [0x00000000e3780000,0x00000000e3b5bc38,0x00000000e3b80000)
  to   space 5632K, 0% used [0x00000000e3080000,0x00000000e3080000,0x00000000e3600000)
 ParOldGen       total 32768K, used 12521K [0x00000000a0000000, 0x00000000a2000000, 0x00000000e0000000)
  object space 32768K, 38% used [0x00000000a0000000,0x00000000a0c3a520,0x00000000a2000000)
 Metaspace       used 30339K, capacity 30750K, committed 31104K, reserved 1075200K
  class space    used 4213K, capacity 4366K, committed 4480K, reserved 1048576K
GC Heap History (10 events):
Event: 2.833 GC heap before
{Heap before GC invocations=9 (full 0):
 PSYoungGen      total 37376K, used 29056K [0x00000000e0000000, 0x00000000e2a00000, 0x0000000100000000)
  eden space 31744K, 80% used [0x00000000e0000000,0x00000000e18d7df0,0x00000000e1f00000)
  from space 5632K, 64% used [0x00000000e2480000,0x00000000e28082a0,0x00000000e2a00000)
  to   space 5632K, 0% used [0x00000000e1f00000,0x00000000e1f00000,0x00000000e2480000)
 ParOldGen       total 44032K, used 7426K [0x00000000a0000000, 0x00000000a2b00000, 0x00000000e0000000)
  object space 44032K, 16% used [0x00000000a0000000,0x00000000a0740a68,0x00000000a2b00000)
 Metaspace       used 20785K, capacity 21156K, committed 21248K, reserved 1067008K
  class space    used 2892K, capacity 3032K, committed 3072K, reserved 1048576K
Event: 2.838 GC heap after
Heap after GC invocations=9 (full 0):
 PSYoungGen      total 37376K, used 4891K [0x00000000e0000000, 0x00000000e3d00000, 0x0000000100000000)
  eden space 31744K, 0% used [0x00000000e0000000,0x00000000e0000000,0x00000000e1f00000)
  from space 5632K, 86% used [0x00000000e1f00000,0x00000000e23c6da8,0x00000000e2480000)
  to   space 5632K, 0% used [0x00000000e3780000,0x00000000e3780000,0x00000000e3d00000)
 ParOldGen       total 44032K, used 8478K [0x00000000a0000000, 0x00000000a2b00000, 0x00000000e0000000)
  object space 44032K, 19% used [0x00000000a0000000,0x00000000a0847ad0,0x00000000a2b00000)
 Metaspace       used 20785K, capacity 21156K, committed 21248K, reserved 1067008K
  class space    used 2892K, capacity 3032K, committed 3072K, reserved 1048576K
}
Event: 2.839 GC heap before
{Heap before GC invocations=10 (full 1):
 PSYoungGen      total 37376K, used 4891K [0x00000000e0000000, 0x00000000e3d00000, 0x0000000100000000)
  eden space 31744K, 0% used [0x00000000e0000000,0x00000000e0000000,0x00000000e1f00000)
  from space 5632K, 86% used [0x00000000e1f00000,0x00000000e23c6da8,0x00000000e2480000)
  to   space 5632K, 0% used [0x00000000e3780000,0x00000000e3780000,0x00000000e3d00000)
 ParOldGen       total 44032K, used 8478K [0x00000000a0000000, 0x00000000a2b00000, 0x00000000e0000000)
  object space 44032K, 19% used [0x00000000a0000000,0x00000000a0847ad0,0x00000000a2b00000)
 Metaspace       used 20785K, capacity 21156K, committed 21248K, reserved 1067008K
  class space    used 2892K, capacity 3032K, committed 3072K, reserved 1048576K
Event: 2.871 GC heap after
Heap after GC invocations=10 (full 1):
 PSYoungGen      total 37376K, used 0K [0x00000000e0000000, 0x00000000e3d00000, 0x0000000100000000)
  eden space 31744K, 0% used [0x00000000e0000000,0x00000000e0000000,0x00000000e1f00000)
  from space 5632K, 0% used [0x00000000e1f00000,0x00000000e1f00000,0x00000000e2480000)
  to   space 5632K, 0% used [0x00000000e3780000,0x00000000e3780000,0x00000000e3d00000)
 ParOldGen       total 32768K, used 9028K [0x00000000a0000000, 0x00000000a2000000, 0x00000000e0000000)
  object space 32768K, 27% used [0x00000000a0000000,0x00000000a08d11f0,0x00000000a2000000)
 Metaspace       used 20785K, capacity 21156K, committed 21248K, reserved 1067008K
  class space    used 2892K, capacity 3032K, committed 3072K, reserved 1048576K
}
Event: 3.187 GC heap before
{Heap before GC invocations=11 (full 1):
 PSYoungGen      total 37376K, used 31744K [0x00000000e0000000, 0x00000000e3d00000, 0x0000000100000000)
  eden space 31744K, 100% used [0x00000000e0000000,0x00000000e1f00000,0x00000000e1f00000)
  from space 5632K, 0% used [0x00000000e1f00000,0x00000000e1f00000,0x00000000e2480000)
  to   space 5632K, 0% used [0x00000000e3780000,0x00000000e3780000,0x00000000e3d00000)
 ParOldGen       total 32768K, used 9028K [0x00000000a0000000, 0x00000000a2000000, 0x00000000e0000000)
  object space 32768K, 27% used [0x00000000a0000000,0x00000000a08d11f0,0x00000000a2000000)
 Metaspace       used 24115K, capacity 24558K, committed 24704K, reserved 1071104K
  class space    used 3304K, capacity 3456K, committed 3456K, reserved 1048576K
Event: 3.193 GC heap after
Heap after GC invocations=11 (full 1):
 PSYoungGen      total 49152K, used 3835K [0x00000000e0000000, 0x00000000e3b80000, 0x0000000100000000)
  eden space 45056K, 0% used [0x00000000e0000000,0x00000000e0000000,0x00000000e2c00000)
  from space 4096K, 93% used [0x00000000e3780000,0x00000000e3b3ef78,0x00000000e3b80000)
  to   space 5632K, 0% used [0x00000000e3080000,0x00000000e3080000,0x00000000e3600000)
 ParOldGen       total 32768K, used 9036K [0x00000000a0000000, 0x00000000a2000000, 0x00000000e0000000)
  object space 32768K, 27% used [0x00000000a0000000,0x00000000a08d31f0,0x00000000a2000000)
 Metaspace       used 24115K, capacity 24558K, committed 24704K, reserved 1071104K
  class space    used 3304K, capacity 3456K, committed 3456K, reserved 1048576K
}
Event: 3.603 GC heap before
{Heap before GC invocations=12 (full 1):
 PSYoungGen      total 49152K, used 48891K [0x00000000e0000000, 0x00000000e3b80000, 0x0000000100000000)
  eden space 45056K, 100% used [0x00000000e0000000,0x00000000e2c00000,0x00000000e2c00000)
  from space 4096K, 93% used [0x00000000e3780000,0x00000000e3b3ef78,0x00000000e3b80000)
  to   space 5632K, 0% used [0x00000000e3080000,0x00000000e3080000,0x00000000e3600000)
 ParOldGen       total 32768K, used 9036K [0x00000000a0000000, 0x00000000a2000000, 0x00000000e0000000)
  object space 32768K, 27% used [0x00000000a0000000,0x00000000a08d31f0,0x00000000a2000000)
 Metaspace       used 27368K, capacity 27800K, committed 28032K, reserved 1073152K
  class space    used 3752K, capacity 3917K, committed 3968K, reserved 1048576K
Event: 3.610 GC heap after
Heap after GC invocations=12 (full 1):
 PSYoungGen      total 50688K, used 4238K [0x00000000e0000000, 0x00000000e3b80000, 0x0000000100000000)
  eden space 45056K, 0% used [0x00000000e0000000,0x00000000e0000000,0x00000000e2c00000)
  from space 5632K, 75% used [0x00000000e3080000,0x00000000e34a3aa8,0x00000000e3600000)
  to   space 4096K, 0% used [0x00000000e3780000,0x00000000e3780000,0x00000000e3b80000)
 ParOldGen       total 32768K, used 10836K [0x00000000a0000000, 0x00000000a2000000, 0x00000000e0000000)
  object space 32768K, 33% used [0x00000000a0000000,0x00000000a0a95260,0x00000000a2000000)
 Metaspace       used 27368K, capacity 27800K, committed 28032K, reserved 1073152K
  class space    used 3752K, capacity 3917K, committed 3968K, reserved 1048576K
}
Event: 4.023 GC heap before
{Heap before GC invocations=13 (full 1):
 PSYoungGen      total 50688K, used 49294K [0x00000000e0000000, 0x00000000e3b80000, 0x0000000100000000)
  eden space 45056K, 100% used [0x00000000e0000000,0x00000000e2c00000,0x00000000e2c00000)
  from space 5632K, 75% used [0x00000000e3080000,0x00000000e34a3aa8,0x00000000e3600000)
  to   space 4096K, 0% used [0x00000000e3780000,0x00000000e3780000,0x00000000e3b80000)
 ParOldGen       total 32768K, used 10836K [0x00000000a0000000, 0x00000000a2000000, 0x00000000e0000000)
  object space 32768K, 33% used [0x00000000a0000000,0x00000000a0a95260,0x00000000a2000000)
 Metaspace       used 29877K, capacity 30302K, committed 30464K, reserved 1075200K
  class space    used 4141K, capacity 4302K, committed 4352K, reserved 1048576K
Event: 4.027 GC heap after
Heap after GC invocations=13 (full 1):
 PSYoungGen      total 49152K, used 3951K [0x00000000e0000000, 0x00000000e3b80000, 0x0000000100000000)
  eden space 45056K, 0% used [0x00000000e0000000,0x00000000e0000000,0x00000000e2c00000)
  from space 4096K, 96% used [0x00000000e3780000,0x00000000e3b5bc38,0x00000000e3b80000)
  to   space 5632K, 0% used [0x00000000e3080000,0x00000000e3080000,0x00000000e3600000)
 ParOldGen       total 32768K, used 12521K [0x00000000a0000000, 0x00000000a2000000, 0x00000000e0000000)
  object space 32768K, 38% used [0x00000000a0000000,0x00000000a0c3a520,0x00000000a2000000)
 Metaspace       used 29877K, capacity 30302K, committed 30464K, reserved 1075200K
  class space    used 4141K, capacity 4302K, committed 4352K, reserved 1048576K
}

