# JRE version: OpenJDK Runtime Environment (8.0_152-b01) (build 1.8.0_152-release-1248-b01)
# Java VM: OpenJDK 64-Bit Server VM (25.152-b01 mixed mode windows-amd64 compressed oops)
Heap:
 PSYoungGen      total 169472K, used 82532K [0x00000000e0000000, 0x00000000ed800000, 0x0000000100000000)
  eden space 151552K, 42% used [0x00000000e0000000,0x00000000e3f204b0,0x00000000e9400000)
  from space 17920K, 99% used [0x00000000ead00000,0x00000000ebe78ef8,0x00000000ebe80000)
  to   space 25600K, 0% used [0x00000000e9400000,0x00000000e9400000,0x00000000ead00000)
 ParOldGen       total 87552K, used 55140K [0x00000000a0000000, 0x00000000a5580000, 0x00000000e0000000)
  object space 87552K, 62% used [0x00000000a0000000,0x00000000a35d9228,0x00000000a5580000)
 Metaspace       used 71229K, capacity 73190K, committed 73368K, reserved 1112064K
  class space    used 9280K, capacity 9808K, committed 9896K, reserved 1048576K
GC Heap History (10 events):
Event: 35.316 GC heap before
{Heap before GC invocations=21 (full 2):
 PSYoungGen      total 136704K, used 78555K [0x00000000e0000000, 0x00000000e9c00000, 0x0000000100000000)
  eden space 129536K, 55% used [0x00000000e0000000,0x00000000e45b9288,0x00000000e7e80000)
  from space 7168K, 99% used [0x00000000e8b00000,0x00000000e91fdce0,0x00000000e9200000)
  to   space 12800K, 0% used [0x00000000e7e80000,0x00000000e7e80000,0x00000000e8b00000)
 ParOldGen       total 48128K, used 31626K [0x00000000a0000000, 0x00000000a2f00000, 0x00000000e0000000)
  object space 48128K, 65% used [0x00000000a0000000,0x00000000a1ee28a0,0x00000000a2f00000)
 Metaspace       used 57722K, capacity 59090K, committed 59160K, reserved 1099776K
  class space    used 7573K, capacity 7955K, committed 7976K, reserved 1048576K
Event: 35.329 GC heap after
Heap after GC invocations=21 (full 2):
 PSYoungGen      total 142336K, used 11626K [0x00000000e0000000, 0x00000000ea880000, 0x0000000100000000)
  eden space 129536K, 0% used [0x00000000e0000000,0x00000000e0000000,0x00000000e7e80000)
  from space 12800K, 90% used [0x00000000e7e80000,0x00000000e89dab90,0x00000000e8b00000)
  to   space 14336K, 0% used [0x00000000e9a80000,0x00000000e9a80000,0x00000000ea880000)
 ParOldGen       total 48128K, used 33760K [0x00000000a0000000, 0x00000000a2f00000, 0x00000000e0000000)
  object space 48128K, 70% used [0x00000000a0000000,0x00000000a20f82b0,0x00000000a2f00000)
 Metaspace       used 57722K, capacity 59090K, committed 59160K, reserved 1099776K
  class space    used 7573K, capacity 7955K, committed 7976K, reserved 1048576K
}
Event: 35.330 GC heap before
{Heap before GC invocations=22 (full 3):
 PSYoungGen      total 142336K, used 11626K [0x00000000e0000000, 0x00000000ea880000, 0x0000000100000000)
  eden space 129536K, 0% used [0x00000000e0000000,0x00000000e0000000,0x00000000e7e80000)
  from space 12800K, 90% used [0x00000000e7e80000,0x00000000e89dab90,0x00000000e8b00000)
  to   space 14336K, 0% used [0x00000000e9a80000,0x00000000e9a80000,0x00000000ea880000)
 ParOldGen       total 48128K, used 33760K [0x00000000a0000000, 0x00000000a2f00000, 0x00000000e0000000)
  object space 48128K, 70% used [0x00000000a0000000,0x00000000a20f82b0,0x00000000a2f00000)
 Metaspace       used 57722K, capacity 59090K, committed 59160K, reserved 1099776K
  class space    used 7573K, capacity 7955K, committed 7976K, reserved 1048576K
Event: 35.513 GC heap after
Heap after GC invocations=22 (full 3):
 PSYoungGen      total 142336K, used 0K [0x00000000e0000000, 0x00000000ea880000, 0x0000000100000000)
  eden space 129536K, 0% used [0x00000000e0000000,0x00000000e0000000,0x00000000e7e80000)
  from space 12800K, 0% used [0x00000000e7e80000,0x00000000e7e80000,0x00000000e8b00000)
  to   space 14336K, 0% used [0x00000000e9a80000,0x00000000e9a80000,0x00000000ea880000)
 ParOldGen       total 87552K, used 41017K [0x00000000a0000000, 0x00000000a5580000, 0x00000000e0000000)
  object space 87552K, 46% used [0x00000000a0000000,0x00000000a280e588,0x00000000a5580000)
 Metaspace       used 57684K, capacity 58984K, committed 59160K, reserved 1099776K
  class space    used 7561K, capacity 7941K, committed 7976K, reserved 1048576K
}
Event: 36.959 GC heap before
{Heap before GC invocations=23 (full 3):
 PSYoungGen      total 142336K, used 129536K [0x00000000e0000000, 0x00000000ea880000, 0x0000000100000000)
  eden space 129536K, 100% used [0x00000000e0000000,0x00000000e7e80000,0x00000000e7e80000)
  from space 12800K, 0% used [0x00000000e7e80000,0x00000000e7e80000,0x00000000e8b00000)
  to   space 14336K, 0% used [0x00000000e9a80000,0x00000000e9a80000,0x00000000ea880000)
 ParOldGen       total 87552K, used 41017K [0x00000000a0000000, 0x00000000a5580000, 0x00000000e0000000)
  object space 87552K, 46% used [0x00000000a0000000,0x00000000a280e588,0x00000000a5580000)
 Metaspace       used 65446K, capacity 67148K, committed 67352K, reserved 1107968K
  class space    used 8780K, capacity 9187K, committed 9256K, reserved 1048576K
Event: 36.971 GC heap after
Heap after GC invocations=23 (full 3):
 PSYoungGen      total 157184K, used 11867K [0x00000000e0000000, 0x00000000eac80000, 0x0000000100000000)
  eden space 142848K, 0% used [0x00000000e0000000,0x00000000e0000000,0x00000000e8b80000)
  from space 14336K, 82% used [0x00000000e9a80000,0x00000000ea616d40,0x00000000ea880000)
  to   space 15360K, 0% used [0x00000000e8b80000,0x00000000e8b80000,0x00000000e9a80000)
 ParOldGen       total 87552K, used 41025K [0x00000000a0000000, 0x00000000a5580000, 0x00000000e0000000)
  object space 87552K, 46% used [0x00000000a0000000,0x00000000a2810588,0x00000000a5580000)
 Metaspace       used 65446K, capacity 67148K, committed 67352K, reserved 1107968K
  class space    used 8780K, capacity 9187K, committed 9256K, reserved 1048576K
}
Event: 40.408 GC heap before
{Heap before GC invocations=24 (full 3):
 PSYoungGen      total 157184K, used 154715K [0x00000000e0000000, 0x00000000eac80000, 0x0000000100000000)
  eden space 142848K, 100% used [0x00000000e0000000,0x00000000e8b80000,0x00000000e8b80000)
  from space 14336K, 82% used [0x00000000e9a80000,0x00000000ea616d40,0x00000000ea880000)
  to   space 15360K, 0% used [0x00000000e8b80000,0x00000000e8b80000,0x00000000e9a80000)
 ParOldGen       total 87552K, used 41025K [0x00000000a0000000, 0x00000000a5580000, 0x00000000e0000000)
  object space 87552K, 46% used [0x00000000a0000000,0x00000000a2810588,0x00000000a5580000)
 Metaspace       used 66971K, capacity 68678K, committed 68760K, reserved 1107968K
  class space    used 8878K, capacity 9308K, committed 9384K, reserved 1048576K
Event: 40.423 GC heap after
Heap after GC invocations=24 (full 3):
 PSYoungGen      total 158208K, used 15199K [0x00000000e0000000, 0x00000000ebe80000, 0x0000000100000000)
  eden space 142848K, 0% used [0x00000000e0000000,0x00000000e0000000,0x00000000e8b80000)
  from space 15360K, 98% used [0x00000000e8b80000,0x00000000e9a57c88,0x00000000e9a80000)
  to   space 17920K, 0% used [0x00000000ead00000,0x00000000ead00000,0x00000000ebe80000)
 ParOldGen       total 87552K, used 41033K [0x00000000a0000000, 0x00000000a5580000, 0x00000000e0000000)
  object space 87552K, 46% used [0x00000000a0000000,0x00000000a2812588,0x00000000a5580000)
 Metaspace       used 66971K, capacity 68678K, committed 68760K, reserved 1107968K
  class space    used 8878K, capacity 9308K, committed 9384K, reserved 1048576K
}
Event: 40.964 GC heap before
{Heap before GC invocations=25 (full 3):
 PSYoungGen      total 158208K, used 158047K [0x00000000e0000000, 0x00000000ebe80000, 0x0000000100000000)
  eden space 142848K, 100% used [0x00000000e0000000,0x00000000e8b80000,0x00000000e8b80000)
  from space 15360K, 98% used [0x00000000e8b80000,0x00000000e9a57c88,0x00000000e9a80000)
  to   space 17920K, 0% used [0x00000000ead00000,0x00000000ead00000,0x00000000ebe80000)
 ParOldGen       total 87552K, used 41033K [0x00000000a0000000, 0x00000000a5580000, 0x00000000e0000000)
  object space 87552K, 46% used [0x00000000a0000000,0x00000000a2812588,0x00000000a5580000)
 Metaspace       used 66986K, capacity 68678K, committed 68760K, reserved 1107968K
  class space    used 8879K, capacity 9308K, committed 9384K, reserved 1048576K
Event: 40.995 GC heap after
Heap after GC invocations=25 (full 3):
 PSYoungGen      total 169472K, used 17891K [0x00000000e0000000, 0x00000000ed800000, 0x0000000100000000)
  eden space 151552K, 0% used [0x00000000e0000000,0x00000000e0000000,0x00000000e9400000)
  from space 17920K, 99% used [0x00000000ead00000,0x00000000ebe78ef8,0x00000000ebe80000)
  to   space 25600K, 0% used [0x00000000e9400000,0x00000000e9400000,0x00000000ead00000)
 ParOldGen       total 87552K, used 55140K [0x00000000a0000000, 0x00000000a5580000, 0x00000000e0000000)
  object space 87552K, 62% used [0x00000000a0000000,0x00000000a35d9228,0x00000000a5580000)
 Metaspace       used 66986K, capacity 68678K, committed 68760K, reserved 1107968K
  class space    used 8879K, capacity 9308K, committed 9384K, reserved 1048576K
}

