# JRE version: OpenJDK Runtime Environment (8.0_152-b01) (build 1.8.0_152-release-1248-b01)
# Java VM: OpenJDK 64-Bit Server VM (25.152-b01 mixed mode windows-amd64 compressed oops)
Heap:
 PSYoungGen      total 49152K, used 13668K [0x00000000e0000000, 0x00000000e3b80000, 0x0000000100000000)
  eden space 45056K, 21% used [0x00000000e0000000,0x00000000e09a3450,0x00000000e2c00000)
  from space 4096K, 92% used [0x00000000e3780000,0x00000000e3b35df8,0x00000000e3b80000)
  to   space 5632K, 0% used [0x00000000e3080000,0x00000000e3080000,0x00000000e3600000)
 ParOldGen       total 34304K, used 10101K [0x00000000a0000000, 0x00000000a2180000, 0x00000000e0000000)
  object space 34304K, 29% used [0x00000000a0000000,0x00000000a09dd6c8,0x00000000a2180000)
 Metaspace       used 24923K, capacity 25332K, committed 25728K, reserved 1071104K
  class space    used 3431K, capacity 3585K, committed 3712K, reserved 1048576K
GC Heap History (10 events):
Event: 2.751 GC heap before
{Heap before GC invocations=7 (full 0):
 PSYoungGen      total 20992K, used 20656K [0x00000000e0000000, 0x00000000e2b00000, 0x0000000100000000)
  eden space 15872K, 100% used [0x00000000e0000000,0x00000000e0f80000,0x00000000e0f80000)
  from space 5120K, 93% used [0x00000000e1500000,0x00000000e19ac1b0,0x00000000e1a00000)
  to   space 5632K, 0% used [0x00000000e0f80000,0x00000000e0f80000,0x00000000e1500000)
 ParOldGen       total 44032K, used 5633K [0x00000000a0000000, 0x00000000a2b00000, 0x00000000e0000000)
  object space 44032K, 12% used [0x00000000a0000000,0x00000000a0580400,0x00000000a2b00000)
 Metaspace       used 15207K, capacity 15674K, committed 16000K, reserved 1062912K
  class space    used 2151K, capacity 2321K, committed 2432K, reserved 1048576K
Event: 2.757 GC heap after
Heap after GC invocations=7 (full 0):
 PSYoungGen      total 21504K, used 4159K [0x00000000e0000000, 0x00000000e2a00000, 0x0000000100000000)
  eden space 15872K, 0% used [0x00000000e0000000,0x00000000e0000000,0x00000000e0f80000)
  from space 5632K, 73% used [0x00000000e0f80000,0x00000000e138fd98,0x00000000e1500000)
  to   space 5632K, 0% used [0x00000000e2480000,0x00000000e2480000,0x00000000e2a00000)
 ParOldGen       total 44032K, used 6716K [0x00000000a0000000, 0x00000000a2b00000, 0x00000000e0000000)
  object space 44032K, 15% used [0x00000000a0000000,0x00000000a068f340,0x00000000a2b00000)
 Metaspace       used 15207K, capacity 15674K, committed 16000K, reserved 1062912K
  class space    used 2151K, capacity 2321K, committed 2432K, reserved 1048576K
}
Event: 2.919 GC heap before
{Heap before GC invocations=8 (full 0):
 PSYoungGen      total 21504K, used 20031K [0x00000000e0000000, 0x00000000e2a00000, 0x0000000100000000)
  eden space 15872K, 100% used [0x00000000e0000000,0x00000000e0f80000,0x00000000e0f80000)
  from space 5632K, 73% used [0x00000000e0f80000,0x00000000e138fd98,0x00000000e1500000)
  to   space 5632K, 0% used [0x00000000e2480000,0x00000000e2480000,0x00000000e2a00000)
 ParOldGen       total 44032K, used 6716K [0x00000000a0000000, 0x00000000a2b00000, 0x00000000e0000000)
  object space 44032K, 15% used [0x00000000a0000000,0x00000000a068f340,0x00000000a2b00000)
 Metaspace       used 16625K, capacity 17050K, committed 17152K, reserved 1064960K
  class space    used 2394K, capacity 2545K, committed 2560K, reserved 1048576K
Event: 2.926 GC heap after
Heap after GC invocations=8 (full 0):
 PSYoungGen      total 37376K, used 3476K [0x00000000e0000000, 0x00000000e2a00000, 0x0000000100000000)
  eden space 31744K, 0% used [0x00000000e0000000,0x00000000e0000000,0x00000000e1f00000)
  from space 5632K, 61% used [0x00000000e2480000,0x00000000e27e5348,0x00000000e2a00000)
  to   space 5632K, 0% used [0x00000000e1f00000,0x00000000e1f00000,0x00000000e2480000)
 ParOldGen       total 44032K, used 7628K [0x00000000a0000000, 0x00000000a2b00000, 0x00000000e0000000)
  object space 44032K, 17% used [0x00000000a0000000,0x00000000a0773360,0x00000000a2b00000)
 Metaspace       used 16625K, capacity 17050K, committed 17152K, reserved 1064960K
  class space    used 2394K, capacity 2545K, committed 2560K, reserved 1048576K
}
Event: 3.274 GC heap before
{Heap before GC invocations=9 (full 0):
 PSYoungGen      total 37376K, used 29012K [0x00000000e0000000, 0x00000000e2a00000, 0x0000000100000000)
  eden space 31744K, 80% used [0x00000000e0000000,0x00000000e18efdd0,0x00000000e1f00000)
  from space 5632K, 61% used [0x00000000e2480000,0x00000000e27e5348,0x00000000e2a00000)
  to   space 5632K, 0% used [0x00000000e1f00000,0x00000000e1f00000,0x00000000e2480000)
 ParOldGen       total 44032K, used 7628K [0x00000000a0000000, 0x00000000a2b00000, 0x00000000e0000000)
  object space 44032K, 17% used [0x00000000a0000000,0x00000000a0773360,0x00000000a2b00000)
 Metaspace       used 20786K, capacity 21156K, committed 21248K, reserved 1067008K
  class space    used 2893K, capacity 3032K, committed 3072K, reserved 1048576K
Event: 3.278 GC heap after
Heap after GC invocations=9 (full 0):
 PSYoungGen      total 37376K, used 4906K [0x00000000e0000000, 0x00000000e3d00000, 0x0000000100000000)
  eden space 31744K, 0% used [0x00000000e0000000,0x00000000e0000000,0x00000000e1f00000)
  from space 5632K, 87% used [0x00000000e1f00000,0x00000000e23cab18,0x00000000e2480000)
  to   space 5632K, 0% used [0x00000000e3780000,0x00000000e3780000,0x00000000e3d00000)
 ParOldGen       total 44032K, used 8556K [0x00000000a0000000, 0x00000000a2b00000, 0x00000000e0000000)
  object space 44032K, 19% used [0x00000000a0000000,0x00000000a085b3d8,0x00000000a2b00000)
 Metaspace       used 20786K, capacity 21156K, committed 21248K, reserved 1067008K
  class space    used 2893K, capacity 3032K, committed 3072K, reserved 1048576K
}
Event: 3.278 GC heap before
{Heap before GC invocations=10 (full 1):
 PSYoungGen      total 37376K, used 4906K [0x00000000e0000000, 0x00000000e3d00000, 0x0000000100000000)
  eden space 31744K, 0% used [0x00000000e0000000,0x00000000e0000000,0x00000000e1f00000)
  from space 5632K, 87% used [0x00000000e1f00000,0x00000000e23cab18,0x00000000e2480000)
  to   space 5632K, 0% used [0x00000000e3780000,0x00000000e3780000,0x00000000e3d00000)
 ParOldGen       total 44032K, used 8556K [0x00000000a0000000, 0x00000000a2b00000, 0x00000000e0000000)
  object space 44032K, 19% used [0x00000000a0000000,0x00000000a085b3d8,0x00000000a2b00000)
 Metaspace       used 20786K, capacity 21156K, committed 21248K, reserved 1067008K
  class space    used 2893K, capacity 3032K, committed 3072K, reserved 1048576K
Event: 3.311 GC heap after
Heap after GC invocations=10 (full 1):
 PSYoungGen      total 37376K, used 0K [0x00000000e0000000, 0x00000000e3d00000, 0x0000000100000000)
  eden space 31744K, 0% used [0x00000000e0000000,0x00000000e0000000,0x00000000e1f00000)
  from space 5632K, 0% used [0x00000000e1f00000,0x00000000e1f00000,0x00000000e2480000)
  to   space 5632K, 0% used [0x00000000e3780000,0x00000000e3780000,0x00000000e3d00000)
 ParOldGen       total 34304K, used 10093K [0x00000000a0000000, 0x00000000a2180000, 0x00000000e0000000)
  object space 34304K, 29% used [0x00000000a0000000,0x00000000a09db6c8,0x00000000a2180000)
 Metaspace       used 20786K, capacity 21156K, committed 21248K, reserved 1067008K
  class space    used 2893K, capacity 3032K, committed 3072K, reserved 1048576K
}
Event: 3.696 GC heap before
{Heap before GC invocations=11 (full 1):
 PSYoungGen      total 37376K, used 31744K [0x00000000e0000000, 0x00000000e3d00000, 0x0000000100000000)
  eden space 31744K, 100% used [0x00000000e0000000,0x00000000e1f00000,0x00000000e1f00000)
  from space 5632K, 0% used [0x00000000e1f00000,0x00000000e1f00000,0x00000000e2480000)
  to   space 5632K, 0% used [0x00000000e3780000,0x00000000e3780000,0x00000000e3d00000)
 ParOldGen       total 34304K, used 10093K [0x00000000a0000000, 0x00000000a2180000, 0x00000000e0000000)
  object space 34304K, 29% used [0x00000000a0000000,0x00000000a09db6c8,0x00000000a2180000)
 Metaspace       used 24124K, capacity 24558K, committed 24704K, reserved 1071104K
  class space    used 3305K, capacity 3456K, committed 3456K, reserved 1048576K
Event: 3.702 GC heap after
Heap after GC invocations=11 (full 1):
 PSYoungGen      total 49152K, used 3799K [0x00000000e0000000, 0x00000000e3b80000, 0x0000000100000000)
  eden space 45056K, 0% used [0x00000000e0000000,0x00000000e0000000,0x00000000e2c00000)
  from space 4096K, 92% used [0x00000000e3780000,0x00000000e3b35df8,0x00000000e3b80000)
  to   space 5632K, 0% used [0x00000000e3080000,0x00000000e3080000,0x00000000e3600000)
 ParOldGen       total 34304K, used 10101K [0x00000000a0000000, 0x00000000a2180000, 0x00000000e0000000)
  object space 34304K, 29% used [0x00000000a0000000,0x00000000a09dd6c8,0x00000000a2180000)
 Metaspace       used 24124K, capacity 24558K, committed 24704K, reserved 1071104K
  class space    used 3305K, capacity 3456K, committed 3456K, reserved 1048576K
}

