# JRE version: OpenJDK Runtime Environment (8.0_152-b01) (build 1.8.0_152-release-1248-b01)
# Java VM: OpenJDK 64-Bit Server VM (25.152-b01 mixed mode windows-amd64 compressed oops)
Heap:
 PSYoungGen      total 97280K, used 62440K [0x00000000e0000000, 0x00000000e7280000, 0x0000000100000000)
  eden space 86528K, 61% used [0x00000000e0000000,0x00000000e3437e90,0x00000000e5480000)
  from space 10752K, 83% used [0x00000000e6000000,0x00000000e68c21d0,0x00000000e6a80000)
  to   space 11776K, 0% used [0x00000000e5480000,0x00000000e5480000,0x00000000e6000000)
 ParOldGen       total 57856K, used 29431K [0x00000000a0000000, 0x00000000a3880000, 0x00000000e0000000)
  object space 57856K, 50% used [0x00000000a0000000,0x00000000a1cbdfd8,0x00000000a3880000)
 Metaspace       used 57231K, capacity 58680K, committed 58880K, reserved 1099776K
  class space    used 7797K, capacity 8163K, committed 8192K, reserved 1048576K
GC Heap History (10 events):
Event: 6.106 GC heap before
{Heap before GC invocations=14 (full 1):
 PSYoungGen      total 65024K, used 48951K [0x00000000e0000000, 0x00000000e4d80000, 0x0000000100000000)
  eden space 59392K, 75% used [0x00000000e0000000,0x00000000e2bca6b8,0x00000000e3a00000)
  from space 5632K, 72% used [0x00000000e3f80000,0x00000000e4383690,0x00000000e4500000)
  to   space 5632K, 0% used [0x00000000e3a00000,0x00000000e3a00000,0x00000000e3f80000)
 ParOldGen       total 35328K, used 13529K [0x00000000a0000000, 0x00000000a2280000, 0x00000000e0000000)
  object space 35328K, 38% used [0x00000000a0000000,0x00000000a0d365a8,0x00000000a2280000)
 Metaspace       used 34791K, capacity 35328K, committed 35416K, reserved 1079296K
  class space    used 4838K, capacity 5040K, committed 5120K, reserved 1048576K
Event: 6.116 GC heap after
Heap after GC invocations=14 (full 1):
 PSYoungGen      total 65024K, used 5613K [0x00000000e0000000, 0x00000000e5b00000, 0x0000000100000000)
  eden space 59392K, 0% used [0x00000000e0000000,0x00000000e0000000,0x00000000e3a00000)
  from space 5632K, 99% used [0x00000000e3a00000,0x00000000e3f7b420,0x00000000e3f80000)
  to   space 6656K, 0% used [0x00000000e5480000,0x00000000e5480000,0x00000000e5b00000)
 ParOldGen       total 35328K, used 14879K [0x00000000a0000000, 0x00000000a2280000, 0x00000000e0000000)
  object space 35328K, 42% used [0x00000000a0000000,0x00000000a0e87c08,0x00000000a2280000)
 Metaspace       used 34791K, capacity 35328K, committed 35416K, reserved 1079296K
  class space    used 4838K, capacity 5040K, committed 5120K, reserved 1048576K
}
Event: 6.116 GC heap before
{Heap before GC invocations=15 (full 2):
 PSYoungGen      total 65024K, used 5613K [0x00000000e0000000, 0x00000000e5b00000, 0x0000000100000000)
  eden space 59392K, 0% used [0x00000000e0000000,0x00000000e0000000,0x00000000e3a00000)
  from space 5632K, 99% used [0x00000000e3a00000,0x00000000e3f7b420,0x00000000e3f80000)
  to   space 6656K, 0% used [0x00000000e5480000,0x00000000e5480000,0x00000000e5b00000)
 ParOldGen       total 35328K, used 14879K [0x00000000a0000000, 0x00000000a2280000, 0x00000000e0000000)
  object space 35328K, 42% used [0x00000000a0000000,0x00000000a0e87c08,0x00000000a2280000)
 Metaspace       used 34791K, capacity 35328K, committed 35416K, reserved 1079296K
  class space    used 4838K, capacity 5040K, committed 5120K, reserved 1048576K
Event: 6.211 GC heap after
Heap after GC invocations=15 (full 2):
 PSYoungGen      total 65024K, used 0K [0x00000000e0000000, 0x00000000e5b00000, 0x0000000100000000)
  eden space 59392K, 0% used [0x00000000e0000000,0x00000000e0000000,0x00000000e3a00000)
  from space 5632K, 0% used [0x00000000e3a00000,0x00000000e3a00000,0x00000000e3f80000)
  to   space 6656K, 0% used [0x00000000e5480000,0x00000000e5480000,0x00000000e5b00000)
 ParOldGen       total 57856K, used 17074K [0x00000000a0000000, 0x00000000a3880000, 0x00000000e0000000)
  object space 57856K, 29% used [0x00000000a0000000,0x00000000a10aca28,0x00000000a3880000)
 Metaspace       used 34791K, capacity 35328K, committed 35416K, reserved 1079296K
  class space    used 4838K, capacity 5040K, committed 5120K, reserved 1048576K
}
Event: 6.897 GC heap before
{Heap before GC invocations=16 (full 2):
 PSYoungGen      total 65024K, used 59392K [0x00000000e0000000, 0x00000000e5b00000, 0x0000000100000000)
  eden space 59392K, 100% used [0x00000000e0000000,0x00000000e3a00000,0x00000000e3a00000)
  from space 5632K, 0% used [0x00000000e3a00000,0x00000000e3a00000,0x00000000e3f80000)
  to   space 6656K, 0% used [0x00000000e5480000,0x00000000e5480000,0x00000000e5b00000)
 ParOldGen       total 57856K, used 17074K [0x00000000a0000000, 0x00000000a3880000, 0x00000000e0000000)
  object space 57856K, 29% used [0x00000000a0000000,0x00000000a10aca28,0x00000000a3880000)
 Metaspace       used 40728K, capacity 41370K, committed 41600K, reserved 1085440K
  class space    used 5508K, capacity 5741K, committed 5760K, reserved 1048576K
Event: 6.906 GC heap after
Heap after GC invocations=16 (full 2):
 PSYoungGen      total 78848K, used 6637K [0x00000000e0000000, 0x00000000e5b00000, 0x0000000100000000)
  eden space 72192K, 0% used [0x00000000e0000000,0x00000000e0000000,0x00000000e4680000)
  from space 6656K, 99% used [0x00000000e5480000,0x00000000e5afb748,0x00000000e5b00000)
  to   space 8192K, 0% used [0x00000000e4b00000,0x00000000e4b00000,0x00000000e5300000)
 ParOldGen       total 57856K, used 20199K [0x00000000a0000000, 0x00000000a3880000, 0x00000000e0000000)
  object space 57856K, 34% used [0x00000000a0000000,0x00000000a13b9e78,0x00000000a3880000)
 Metaspace       used 40728K, capacity 41370K, committed 41600K, reserved 1085440K
  class space    used 5508K, capacity 5741K, committed 5760K, reserved 1048576K
}
Event: 7.864 GC heap before
{Heap before GC invocations=17 (full 2):
 PSYoungGen      total 78848K, used 78829K [0x00000000e0000000, 0x00000000e5b00000, 0x0000000100000000)
  eden space 72192K, 100% used [0x00000000e0000000,0x00000000e4680000,0x00000000e4680000)
  from space 6656K, 99% used [0x00000000e5480000,0x00000000e5afb748,0x00000000e5b00000)
  to   space 8192K, 0% used [0x00000000e4b00000,0x00000000e4b00000,0x00000000e5300000)
 ParOldGen       total 57856K, used 20199K [0x00000000a0000000, 0x00000000a3880000, 0x00000000e0000000)
  object space 57856K, 34% used [0x00000000a0000000,0x00000000a13b9e78,0x00000000a3880000)
 Metaspace       used 47590K, capacity 48396K, committed 48768K, reserved 1091584K
  class space    used 6430K, capacity 6695K, committed 6784K, reserved 1048576K
Event: 7.875 GC heap after
Heap after GC invocations=17 (full 2):
 PSYoungGen      total 84992K, used 8163K [0x00000000e0000000, 0x00000000e6a80000, 0x0000000100000000)
  eden space 76800K, 0% used [0x00000000e0000000,0x00000000e0000000,0x00000000e4b00000)
  from space 8192K, 99% used [0x00000000e4b00000,0x00000000e52f8c18,0x00000000e5300000)
  to   space 10752K, 0% used [0x00000000e6000000,0x00000000e6000000,0x00000000e6a80000)
 ParOldGen       total 57856K, used 25052K [0x00000000a0000000, 0x00000000a3880000, 0x00000000e0000000)
  object space 57856K, 43% used [0x00000000a0000000,0x00000000a18770c8,0x00000000a3880000)
 Metaspace       used 47590K, capacity 48396K, committed 48768K, reserved 1091584K
  class space    used 6430K, capacity 6695K, committed 6784K, reserved 1048576K
}
Event: 8.875 GC heap before
{Heap before GC invocations=18 (full 2):
 PSYoungGen      total 84992K, used 84963K [0x00000000e0000000, 0x00000000e6a80000, 0x0000000100000000)
  eden space 76800K, 100% used [0x00000000e0000000,0x00000000e4b00000,0x00000000e4b00000)
  from space 8192K, 99% used [0x00000000e4b00000,0x00000000e52f8c18,0x00000000e5300000)
  to   space 10752K, 0% used [0x00000000e6000000,0x00000000e6000000,0x00000000e6a80000)
 ParOldGen       total 57856K, used 25052K [0x00000000a0000000, 0x00000000a3880000, 0x00000000e0000000)
  object space 57856K, 43% used [0x00000000a0000000,0x00000000a18770c8,0x00000000a3880000)
 Metaspace       used 53808K, capacity 54918K, committed 55040K, reserved 1097728K
  class space    used 7289K, capacity 7596K, committed 7680K, reserved 1048576K
Event: 8.890 GC heap after
Heap after GC invocations=18 (full 2):
 PSYoungGen      total 97280K, used 8968K [0x00000000e0000000, 0x00000000e7280000, 0x0000000100000000)
  eden space 86528K, 0% used [0x00000000e0000000,0x00000000e0000000,0x00000000e5480000)
  from space 10752K, 83% used [0x00000000e6000000,0x00000000e68c21d0,0x00000000e6a80000)
  to   space 11776K, 0% used [0x00000000e5480000,0x00000000e5480000,0x00000000e6000000)
 ParOldGen       total 57856K, used 29431K [0x00000000a0000000, 0x00000000a3880000, 0x00000000e0000000)
  object space 57856K, 50% used [0x00000000a0000000,0x00000000a1cbdfd8,0x00000000a3880000)
 Metaspace       used 53808K, capacity 54918K, committed 55040K, reserved 1097728K
  class space    used 7289K, capacity 7596K, committed 7680K, reserved 1048576K
}

